#
# A fatal error has been detected by the Java Runtime Environment:
#
#  EXCEPTION_ACCESS_VIOLATION (0xc0000005) at pc=0x00000000094490c9, pid=10676, tid=0x0000000000003f80
#
# JRE version: OpenJDK Runtime Environment (8.0_152-b01) (build 1.8.0_152-release-915-b01)
# Java VM: OpenJDK 64-Bit Server VM (25.152-b01 mixed mode windows-amd64 compressed oops)
# Problematic frame:
# J 28566 C1 com.android.apkzlib.zip.Eocd.<init>(Ljava/nio/ByteBuffer;)V (202 bytes) @ 0x00000000094490c9 [0x0000000009448cc0+0x409]
#
# Failed to write core dump. Minidumps are not enabled by default on client versions of Windows
#
# If you would like to submit a bug report, please visit:
#   http://bugreport.java.com/bugreport/crash.jsp
#

---------------  T H R E A D  ---------------

Current thread (0x000000001f80d800):  JavaThread "Task worker for ':' Thread 3" [_thread_in_Java, id=16256, stack(0x0000000050160000,0x0000000050260000)]

siginfo: ExceptionCode=0xc0000005, writing address 0x0000000000019917

Registers:
RAX=0x0000000000019917, RBX=0x00000000ffffffff, RCX=0x0000000000000000, RDX=0x00000000fa530820
RSP=0x000000005025c020, RBP=0x00000000fa520530, RSI=0x00000000261fb708, RDI=0x0000000000000108
R8 =0x00000000fa5307f0, R9 =0x00000000a262bec8, R10=0x00000000007d2983, R11=0x0000000013300000
R12=0x0000000000000000, R13=0x000000000000ffff, R14=0x0000000000000000, R15=0x000000001f80d800
RIP=0x00000000094490c9, EFLAGS=0x0000000000010202

Top of Stack: (sp=0x000000005025c020)
0x000000005025c020:   0000000000000000 00007ffdaf8c09f8
0x000000005025c030:   0000000000000000 00000000a0034ca8
0x000000005025c040:   00000000fa530750 0000000000000000
0x000000005025c050:   0000000000010015 0000000006ed5beb
0x000000005025c060:   0000000000000000 0000000000000000
0x000000005025c070:   0000000000000000 0000000000106000
0x000000005025c080:   0000000100026f40 0000000000000007
0x000000005025c090:   00000000fa530668 00000000fa530698
0x000000005025c0a0:   00000000fa530668 000000010009b590
0x000000005025c0b0:   fa530720ffffffff 000000010009d110
0x000000005025c0c0:   00000000000f5744 00000000fa530720
0x000000005025c0d0:   00010015fa530698 00000000fa5307f0
0x000000005025c0e0:   00000000fa530820 00000001fa530750
0x000000005025c0f0:   0000000000000005 0000000100039f68
0x000000005025c100:   0000000000000005 0000000000000000
0x000000005025c110:   0000000026fad528 0000000006802e39 

Instructions: (pc=0x00000000094490c9)
0x00000000094490a9:   00 00 00 00 00 00 00 00 00 00 00 00 00 00 00 00
0x00000000094490b9:   00 00 00 00 00 00 00 00 00 00 00 00 00 00 00 00
0x00000000094490c9:   00 00 00 00 00 00 00 00 00 00 00 00 00 00 00 00
0x00000000094490d9:   00 00 00 00 00 00 00 00 00 00 00 00 00 00 00 00 


Register to memory mapping:

RAX=0x0000000000019917 is an unknown value
RBX=0x00000000ffffffff is an unallocated location in the heap
RCX=0x0000000000000000 is an unknown value
RDX=0x00000000fa530820 is an oop
com.android.apkzlib.zip.Eocd 
 - klass: 'com/android/apkzlib/zip/Eocd'
RSP=0x000000005025c020 is pointing into the stack for thread: 0x000000001f80d800
RBP=0x00000000fa520530 is an oop
java.io.RandomAccessFile 
 - klass: 'java/io/RandomAccessFile'
RSI=0x00000000261fb708 is pointing into metadata
RDI=0x0000000000000108 is an unknown value
R8 =0x00000000fa5307f0 is an oop
java.nio.HeapByteBuffer 
 - klass: 'java/nio/HeapByteBuffer'
R9 =0x00000000a262bec8 is an oop
java.lang.Long 
 - klass: 'java/lang/Long'
R10=0x00000000007d2983 is an unknown value
R11=0x0000000013300000 is an unknown value
R12=0x0000000000000000 is an unknown value
R13=0x000000000000ffff is an unknown value
R14=0x0000000000000000 is an unknown value
R15=0x000000001f80d800 is a thread


Stack: [0x0000000050160000,0x0000000050260000],  sp=0x000000005025c020,  free space=1008k
Native frames: (J=compiled Java code, j=interpreted, Vv=VM code, C=native code)
C  0x00000000094490c9


---------------  P R O C E S S  ---------------

Java Threads: ( => current thread )
  0x000000001f809000 JavaThread "ForkJoinPool.commonPool-worker-5" daemon [_thread_blocked, id=15056, stack(0x0000000051d60000,0x0000000051e60000)]
  0x000000001f80a800 JavaThread "Cache worker for Java compile cache (C:\Users\Rajeshkumar Reddy\AndroidStudioProjects\BeAlign\.gradle\4.1\javaCompile)" [_thread_blocked, id=7724, stack(0x0000000051c60000,0x0000000051d60000)]
=>0x000000001f80d800 JavaThread "Task worker for ':' Thread 3" [_thread_in_Java, id=16256, stack(0x0000000050160000,0x0000000050260000)]
  0x000000001f810000 JavaThread "Task worker for ':' Thread 2" [_thread_blocked, id=17088, stack(0x0000000050060000,0x0000000050160000)]
  0x000000001f80c800 JavaThread "Task worker for ':'" [_thread_blocked, id=11408, stack(0x000000004ff60000,0x0000000050060000)]
  0x000000001f80e800 JavaThread "Cache worker for task history cache (C:\Users\Rajeshkumar Reddy\AndroidStudioProjects\BeAlign\.gradle\4.1\taskHistory)" [_thread_blocked, id=13816, stack(0x000000004fe60000,0x000000004ff60000)]
  0x000000001f80c000 JavaThread "Cache worker for file content cache (C:\Users\Rajeshkumar Reddy\AndroidStudioProjects\BeAlign\.gradle\4.1\fileContent)" [_thread_blocked, id=13376, stack(0x000000004fd60000,0x000000004fe60000)]
  0x000000001d5e9000 JavaThread "build operations Thread 4" [_thread_blocked, id=17404, stack(0x000000004fc60000,0x000000004fd60000)]
  0x000000001d5ec000 JavaThread "build operations Thread 3" [_thread_blocked, id=12732, stack(0x000000004fb60000,0x000000004fc60000)]
  0x000000001d5eb800 JavaThread "build operations Thread 2" [_thread_blocked, id=13876, stack(0x000000004fa60000,0x000000004fb60000)]
  0x000000001d5e8800 JavaThread "build operations" [_thread_blocked, id=7400, stack(0x000000004f960000,0x000000004fa60000)]
  0x000000001d5ea800 JavaThread "Cache worker for Artifact transforms cache (C:\Users\Rajeshkumar Reddy\.gradle\caches\transforms-1)" [_thread_blocked, id=16352, stack(0x000000004f860000,0x000000004f960000)]
  0x000000001d5ed000 JavaThread "Cache worker for file hash cache (C:\Users\Rajeshkumar Reddy\AndroidStudioProjects\BeAlign\.gradle\4.1\fileHashes)" [_thread_blocked, id=7612, stack(0x000000004f760000,0x000000004f860000)]
  0x000000001d5e1000 JavaThread "Stdin handler" [_thread_blocked, id=2296, stack(0x000000004f660000,0x000000004f760000)]
  0x000000001d5e0000 JavaThread "Asynchronous log dispatcher for DefaultDaemonConnection: socket connection from /127.0.0.1:56139 to /127.0.0.1:50187" [_thread_blocked, id=13576, stack(0x000000004f560000,0x000000004f660000)]
  0x000000001d5e7000 JavaThread "Daemon worker Thread 22" [_thread_blocked, id=17376, stack(0x000000004f460000,0x000000004f560000)]
  0x000000001d5e5800 JavaThread "Cancel handler" [_thread_blocked, id=13544, stack(0x000000004f360000,0x000000004f460000)]
  0x000000001d5de800 JavaThread "Handler for socket connection from /127.0.0.1:56139 to /127.0.0.1:50187" [_thread_in_native, id=6488, stack(0x000000004f260000,0x000000004f360000)]
  0x000000001d5e4800 JavaThread "Daemon Thread 22" [_thread_blocked, id=16376, stack(0x000000004f160000,0x000000004f260000)]
  0x000000001f80f000 JavaThread "Java2D Disposer" daemon [_thread_blocked, id=3104, stack(0x0000000039260000,0x0000000039360000)]
  0x000000001ccdc800 JavaThread "Memory manager" [_thread_blocked, id=12224, stack(0x0000000022900000,0x0000000022a00000)]
  0x000000001ccdf000 JavaThread "pool-1-thread-1" [_thread_blocked, id=5220, stack(0x00000000224d0000,0x00000000225d0000)]
  0x000000001abcd000 JavaThread "File lock request listener" [_thread_in_native, id=10912, stack(0x000000001d8c0000,0x000000001d9c0000)]
  0x000000001abdf000 JavaThread "Cache worker for file hash cache (C:\Users\Rajeshkumar Reddy\.gradle\caches\4.1\fileHashes)" [_thread_blocked, id=9232, stack(0x000000001d7c0000,0x000000001d8c0000)]
  0x000000001b0d4000 JavaThread "Daemon periodic checks" [_thread_blocked, id=3428, stack(0x000000001bef0000,0x000000001bff0000)]
  0x000000001b0ce000 JavaThread "Incoming local TCP Connector on port 56139" [_thread_in_native, id=16076, stack(0x000000001ba20000,0x000000001bb20000)]
  0x0000000019748800 JavaThread "Service Thread" daemon [_thread_blocked, id=1156, stack(0x0000000019b10000,0x0000000019c10000)]
  0x0000000017db4000 JavaThread "C1 CompilerThread2" daemon [_thread_blocked, id=8088, stack(0x0000000019610000,0x0000000019710000)]
  0x0000000017db5800 JavaThread "C2 CompilerThread1" daemon [_thread_blocked, id=12644, stack(0x0000000019510000,0x0000000019610000)]
  0x0000000017dab800 JavaThread "C2 CompilerThread0" daemon [_thread_blocked, id=14472, stack(0x0000000019410000,0x0000000019510000)]
  0x0000000017daa000 JavaThread "Attach Listener" daemon [_thread_blocked, id=7920, stack(0x0000000019310000,0x0000000019410000)]
  0x0000000017da9000 JavaThread "Signal Dispatcher" daemon [_thread_blocked, id=9564, stack(0x0000000019210000,0x0000000019310000)]
  0x000000000439b000 JavaThread "Finalizer" daemon [_thread_blocked, id=13248, stack(0x0000000019020000,0x0000000019120000)]
  0x0000000004392000 JavaThread "Reference Handler" daemon [_thread_blocked, id=9048, stack(0x0000000018f20000,0x0000000019020000)]
  0x000000000443e800 JavaThread "main" [_thread_blocked, id=9700, stack(0x0000000004160000,0x0000000004260000)]

Other Threads:
  0x0000000017d74800 VMThread [stack: 0x0000000018e20000,0x0000000018f20000] [id=6696]
  0x0000000017e0d800 WatcherThread [stack: 0x0000000019c10000,0x0000000019d10000] [id=15188]

VM state:not at safepoint (normal execution)

VM Mutex/Monitor currently owned by a thread: None

Heap:
 PSYoungGen      total 482304K, used 455511K [0x00000000e0000000, 0x00000000fff00000, 0x0000000100000000)
  eden space 440320K, 98% used [0x00000000e0000000,0x00000000fa574800,0x00000000fae00000)
  from space 41984K, 57% used [0x00000000fae00000,0x00000000fc5614c0,0x00000000fd700000)
  to   space 40960K, 0% used [0x00000000fd700000,0x00000000fd700000,0x00000000fff00000)
 ParOldGen       total 285696K, used 141344K [0x00000000a0000000, 0x00000000b1700000, 0x00000000e0000000)
  object space 285696K, 49% used [0x00000000a0000000,0x00000000a8a08258,0x00000000b1700000)
 Metaspace       used 95572K, capacity 104702K, committed 104960K, reserved 1140736K
  class space    used 11886K, capacity 14040K, committed 14080K, reserved 1048576K

Card table byte_map: [0x0000000013800000,0x0000000013b10000] byte_map_base: 0x0000000013300000

Marking Bits: (ParMarkBitMap*) 0x0000000063223950
 Begin Bits: [0x0000000014110000, 0x0000000015910000)
 End Bits:   [0x0000000015910000, 0x0000000017110000)

Polling page: 0x0000000002500000

CodeCache: size=245760Kb used=88427Kb max_used=88443Kb free=157332Kb
 bounds [0x0000000004440000, 0x0000000009b40000, 0x0000000013440000]
 total_blobs=23751 nmethods=22764 adapters=898
 compilation: enabled

Compilation events (10 events):
Event: 27161.388 Thread 0x0000000017db4000 nmethod 31077 0x0000000006f8e250 code [0x0000000006f8e400, 0x0000000006f8ea28]
Event: 27161.415 Thread 0x0000000017db4000 31078       3       org.objectweb.asm.commons.InstructionAdapter::visitIntInsn (197 bytes)
Event: 27161.415 Thread 0x0000000017db4000 nmethod 31078 0x0000000009b29990 code [0x0000000009b29be0, 0x0000000009b2a718]
Event: 27161.436 Thread 0x0000000017db4000 31079       3       org.apache.commons.collections.map.AbstractHashedMap::calculateThreshold (6 bytes)
Event: 27161.436 Thread 0x0000000017db4000 nmethod 31079 0x0000000007480d50 code [0x0000000007480ec0, 0x0000000007481050]
Event: 27161.439 Thread 0x0000000017db4000 31080       3       org.gradle.internal.io.RandomAccessFileInputStream::<init> (10 bytes)
Event: 27161.439 Thread 0x0000000017db4000 nmethod 31080 0x0000000008b17b90 code [0x0000000008b17d00, 0x0000000008b17f30]
Event: 27161.475 Thread 0x0000000017dab800 31081       4       org.gradle.api.internal.file.collections.FileTreeAdapter::<init> (10 bytes)
Event: 27161.476 Thread 0x0000000017dab800 nmethod 31081 0x00000000056d9750 code [0x00000000056d9880, 0x00000000056d98f8]
Event: 27161.484 Thread 0x0000000017db5800 31082       4       com.google.gson.internal.$Gson$Types::resolve (372 bytes)

GC Heap History (10 events):
Event: 24379.891 GC heap before
{Heap before GC invocations=61 (full 4):
 PSYoungGen      total 477184K, used 450189K [0x00000000e0000000, 0x00000000ffa80000, 0x0000000100000000)
  eden space 434176K, 100% used [0x00000000e0000000,0x00000000fa800000,0x00000000fa800000)
  from space 43008K, 37% used [0x00000000fd080000,0x00000000fe023558,0x00000000ffa80000)
  to   space 41472K, 0% used [0x00000000fa800000,0x00000000fa800000,0x00000000fd080000)
 ParOldGen       total 285696K, used 138488K [0x00000000a0000000, 0x00000000b1700000, 0x00000000e0000000)
  object space 285696K, 48% used [0x00000000a0000000,0x00000000a873e190,0x00000000b1700000)
 Metaspace       used 94756K, capacity 103316K, committed 103424K, reserved 1138688K
  class space    used 11780K, capacity 13771K, committed 13824K, reserved 1048576K
Event: 24379.950 GC heap after
Heap after GC invocations=61 (full 4):
 PSYoungGen      total 475648K, used 21438K [0x00000000e0000000, 0x00000000ffb80000, 0x0000000100000000)
  eden space 434176K, 0% used [0x00000000e0000000,0x00000000e0000000,0x00000000fa800000)
  from space 41472K, 51% used [0x00000000fa800000,0x00000000fbcefac0,0x00000000fd080000)
  to   space 39936K, 0% used [0x00000000fd480000,0x00000000fd480000,0x00000000ffb80000)
 ParOldGen       total 285696K, used 140169K [0x00000000a0000000, 0x00000000b1700000, 0x00000000e0000000)
  object space 285696K, 49% used [0x00000000a0000000,0x00000000a88e27f8,0x00000000b1700000)
 Metaspace       used 94756K, capacity 103316K, committed 103424K, reserved 1138688K
  class space    used 11780K, capacity 13771K, committed 13824K, reserved 1048576K
}
Event: 24522.935 GC heap before
{Heap before GC invocations=62 (full 4):
 PSYoungGen      total 475648K, used 455614K [0x00000000e0000000, 0x00000000ffb80000, 0x0000000100000000)
  eden space 434176K, 100% used [0x00000000e0000000,0x00000000fa800000,0x00000000fa800000)
  from space 41472K, 51% used [0x00000000fa800000,0x00000000fbcefac0,0x00000000fd080000)
  to   space 39936K, 0% used [0x00000000fd480000,0x00000000fd480000,0x00000000ffb80000)
 ParOldGen       total 285696K, used 140169K [0x00000000a0000000, 0x00000000b1700000, 0x00000000e0000000)
  object space 285696K, 49% used [0x00000000a0000000,0x00000000a88e27f8,0x00000000b1700000)
 Metaspace       used 94893K, capacity 103548K, committed 103680K, reserved 1138688K
  class space    used 11796K, capacity 13819K, committed 13824K, reserved 1048576K
Event: 24522.989 GC heap after
Heap after GC invocations=62 (full 4):
 PSYoungGen      total 479744K, used 24455K [0x00000000e0000000, 0x00000000ffe80000, 0x0000000100000000)
  eden space 439808K, 0% used [0x00000000e0000000,0x00000000e0000000,0x00000000fad80000)
  from space 39936K, 61% used [0x00000000fd480000,0x00000000fec61fe0,0x00000000ffb80000)
  to   space 39936K, 0% used [0x00000000fad80000,0x00000000fad80000,0x00000000fd480000)
 ParOldGen       total 285696K, used 140469K [0x00000000a0000000, 0x00000000b1700000, 0x00000000e0000000)
  object space 285696K, 49% used [0x00000000a0000000,0x00000000a892d6f0,0x00000000b1700000)
 Metaspace       used 94893K, capacity 103548K, committed 103680K, reserved 1138688K
  class space    used 11796K, capacity 13819K, committed 13824K, reserved 1048576K
}
Event: 24529.511 GC heap before
{Heap before GC invocations=63 (full 4):
 PSYoungGen      total 479744K, used 464263K [0x00000000e0000000, 0x00000000ffe80000, 0x0000000100000000)
  eden space 439808K, 100% used [0x00000000e0000000,0x00000000fad80000,0x00000000fad80000)
  from space 39936K, 61% used [0x00000000fd480000,0x00000000fec61fe0,0x00000000ffb80000)
  to   space 39936K, 0% used [0x00000000fad80000,0x00000000fad80000,0x00000000fd480000)
 ParOldGen       total 285696K, used 140469K [0x00000000a0000000, 0x00000000b1700000, 0x00000000e0000000)
  object space 285696K, 49% used [0x00000000a0000000,0x00000000a892d6f0,0x00000000b1700000)
 Metaspace       used 94921K, capacity 103552K, committed 103680K, reserved 1138688K
  class space    used 11796K, capacity 13819K, committed 13824K, reserved 1048576K
Event: 24529.599 GC heap after
Heap after GC invocations=63 (full 4):
 PSYoungGen      total 479744K, used 27053K [0x00000000e0000000, 0x0000000100000000, 0x0000000100000000)
  eden space 439808K, 0% used [0x00000000e0000000,0x00000000e0000000,0x00000000fad80000)
  from space 39936K, 67% used [0x00000000fad80000,0x00000000fc7eb6b8,0x00000000fd480000)
  to   space 40960K, 0% used [0x00000000fd800000,0x00000000fd800000,0x0000000100000000)
 ParOldGen       total 285696K, used 140669K [0x00000000a0000000, 0x00000000b1700000, 0x00000000e0000000)
  object space 285696K, 49% used [0x00000000a0000000,0x00000000a895f558,0x00000000b1700000)
 Metaspace       used 94921K, capacity 103552K, committed 103680K, reserved 1138688K
  class space    used 11796K, capacity 13819K, committed 13824K, reserved 1048576K
}
Event: 24749.533 GC heap before
{Heap before GC invocations=64 (full 4):
 PSYoungGen      total 479744K, used 466861K [0x00000000e0000000, 0x0000000100000000, 0x0000000100000000)
  eden space 439808K, 100% used [0x00000000e0000000,0x00000000fad80000,0x00000000fad80000)
  from space 39936K, 67% used [0x00000000fad80000,0x00000000fc7eb6b8,0x00000000fd480000)
  to   space 40960K, 0% used [0x00000000fd800000,0x00000000fd800000,0x0000000100000000)
 ParOldGen       total 285696K, used 140669K [0x00000000a0000000, 0x00000000b1700000, 0x00000000e0000000)
  object space 285696K, 49% used [0x00000000a0000000,0x00000000a895f558,0x00000000b1700000)
 Metaspace       used 95023K, capacity 103748K, committed 104064K, reserved 1138688K
  class space    used 11808K, capacity 13861K, committed 13952K, reserved 1048576K
Event: 24749.761 GC heap after
Heap after GC invocations=64 (full 4):
 PSYoungGen      total 481280K, used 29253K [0x00000000e0000000, 0x0000000100000000, 0x0000000100000000)
  eden space 440320K, 0% used [0x00000000e0000000,0x00000000e0000000,0x00000000fae00000)
  from space 40960K, 71% used [0x00000000fd800000,0x00000000ff491720,0x0000000100000000)
  to   space 41984K, 0% used [0x00000000fae00000,0x00000000fae00000,0x00000000fd700000)
 ParOldGen       total 285696K, used 141044K [0x00000000a0000000, 0x00000000b1700000, 0x00000000e0000000)
  object space 285696K, 49% used [0x00000000a0000000,0x00000000a89bd3d8,0x00000000b1700000)
 Metaspace       used 95023K, capacity 103748K, committed 104064K, reserved 1138688K
  class space    used 11808K, capacity 13861K, committed 13952K, reserved 1048576K
}
Event: 25974.911 GC heap before
{Heap before GC invocations=65 (full 4):
 PSYoungGen      total 481280K, used 469573K [0x00000000e0000000, 0x0000000100000000, 0x0000000100000000)
  eden space 440320K, 100% used [0x00000000e0000000,0x00000000fae00000,0x00000000fae00000)
  from space 40960K, 71% used [0x00000000fd800000,0x00000000ff491720,0x0000000100000000)
  to   space 41984K, 0% used [0x00000000fae00000,0x00000000fae00000,0x00000000fd700000)
 ParOldGen       total 285696K, used 141044K [0x00000000a0000000, 0x00000000b1700000, 0x00000000e0000000)
  object space 285696K, 49% used [0x00000000a0000000,0x00000000a89bd3d8,0x00000000b1700000)
 Metaspace       used 95413K, capacity 104482K, committed 104704K, reserved 1140736K
  class space    used 11871K, capacity 13994K, committed 14080K, reserved 1048576K
Event: 25974.944 GC heap after
Heap after GC invocations=65 (full 4):
 PSYoungGen      total 482304K, used 23941K [0x00000000e0000000, 0x00000000fff00000, 0x0000000100000000)
  eden space 440320K, 0% used [0x00000000e0000000,0x00000000e0000000,0x00000000fae00000)
  from space 41984K, 57% used [0x00000000fae00000,0x00000000fc5614c0,0x00000000fd700000)
  to   space 40960K, 0% used [0x00000000fd700000,0x00000000fd700000,0x00000000fff00000)
 ParOldGen       total 285696K, used 141344K [0x00000000a0000000, 0x00000000b1700000, 0x00000000e0000000)
  object space 285696K, 49% used [0x00000000a0000000,0x00000000a8a08258,0x00000000b1700000)
 Metaspace       used 95413K, capacity 104482K, committed 104704K, reserved 1140736K
  class space    used 11871K, capacity 13994K, committed 14080K, reserved 1048576K
}

Deoptimization events (10 events):
Event: 24525.635 Thread 0x000000001dc0e800 Uncommon trap: reason=unstable_if action=reinterpret pc=0x00000000099feaa0 method=java.util.concurrent.ForkJoinPool.helpStealer(Ljava/util/concurrent/ForkJoinPool$WorkQueue;Ljava/util/concurrent/ForkJoinTask;)V @ 95
Event: 24746.984 Thread 0x000000001f809000 Uncommon trap: reason=predicate action=maybe_recompile pc=0x0000000009a42918 method=com.google.common.collect.ImmutableSortedMap.fromEntries(Ljava/util/Comparator;ZI[Ljava/util/Map$Entry;)Lcom/google/common/collect/ImmutableSortedMap; @ 9
Event: 24749.402 Thread 0x000000001f810000 Uncommon trap: reason=array_check action=maybe_recompile pc=0x0000000004cb2548 method=com.google.common.collect.ImmutableSortedMap.fromEntries(Ljava/util/Comparator;ZI[Ljava/util/Map$Entry;)Lcom/google/common/collect/ImmutableSortedMap; @ 35
Event: 24749.808 Thread 0x000000001f810000 Uncommon trap: reason=array_check action=maybe_recompile pc=0x0000000004cb2548 method=com.google.common.collect.ImmutableSortedMap.fromEntries(Ljava/util/Comparator;ZI[Ljava/util/Map$Entry;)Lcom/google/common/collect/ImmutableSortedMap; @ 35
Event: 24749.809 Thread 0x000000001f810000 Uncommon trap: reason=array_check action=maybe_recompile pc=0x0000000004cb2548 method=com.google.common.collect.ImmutableSortedMap.fromEntries(Ljava/util/Comparator;ZI[Ljava/util/Map$Entry;)Lcom/google/common/collect/ImmutableSortedMap; @ 35
Event: 24749.816 Thread 0x000000001f810000 Uncommon trap: reason=array_check action=maybe_recompile pc=0x0000000004cb2548 method=com.google.common.collect.ImmutableSortedMap.fromEntries(Ljava/util/Comparator;ZI[Ljava/util/Map$Entry;)Lcom/google/common/collect/ImmutableSortedMap; @ 35
Event: 25972.221 Thread 0x000000001f80e800 Uncommon trap: reason=unstable_if action=reinterpret pc=0x000000000457c6a0 method=com.sun.org.apache.xerces.internal.dom.ParentNode.nodeListItem(I)Lorg/w3c/dom/Node; @ 15
Event: 25973.547 Thread 0x000000001f80a800 Uncommon trap: reason=unstable_if action=reinterpret pc=0x0000000005f0221c method=java.util.concurrent.ConcurrentLinkedQueue.offer(Ljava/lang/Object;)Z @ 72
Event: 25975.764 Thread 0x000000001f80e800 Uncommon trap: reason=null_check action=make_not_entrant pc=0x0000000006eabb04 method=com.android.apkzlib.zip.FileUseMap.locateFree(JJJLcom/android/apkzlib/zip/FileUseMap$PositionAlgorithm;)J @ 275
Event: 27158.616 Thread 0x000000001d5e7000 Uncommon trap: reason=null_check action=make_not_entrant pc=0x0000000009aca128 method=com.sun.org.apache.xerces.internal.parsers.AbstractDOMParser.xmlDecl(Ljava/lang/String;Ljava/lang/String;Ljava/lang/String;Lcom/sun/org/apache/xerces/internal/xni/Augmen

Classes redefined (0 events):
No events

Internal exceptions (10 events):
Event: 25975.069 Thread 0x000000001ccd7000 Exception <a 'sun/nio/fs/WindowsException'> (0x00000000e07e7250) thrown at [D:\src\AOSP-openjdk-cygwin\jdk8u\hotspot\src\share\vm\prims\jni.cpp, line 709]
Event: 25975.078 Thread 0x000000001ccd8000 Exception <a 'sun/nio/fs/WindowsException'> (0x00000000e0b53e88) thrown at [D:\src\AOSP-openjdk-cygwin\jdk8u\hotspot\src\share\vm\prims\jni.cpp, line 709]
Event: 25975.088 Thread 0x000000001ccd7000 Exception <a 'sun/nio/fs/WindowsException'> (0x00000000e0f8d3c0) thrown at [D:\src\AOSP-openjdk-cygwin\jdk8u\hotspot\src\share\vm\prims\jni.cpp, line 709]
Event: 25975.764 Thread 0x000000001f80e800 Implicit null exception at 0x0000000006eab30b to 0x0000000006eabac5
Event: 25976.165 Thread 0x000000001dc07000 Exception <a 'sun/nio/fs/WindowsException'> (0x00000000e047d190) thrown at [D:\src\AOSP-openjdk-cygwin\jdk8u\hotspot\src\share\vm\prims\jni.cpp, line 709]
Event: 26571.337 Thread 0x000000001ccdf000 Exception <a 'sun/nio/fs/WindowsException'> (0x00000000eaa85ca8) thrown at [D:\src\AOSP-openjdk-cygwin\jdk8u\hotspot\src\share\vm\prims\jni.cpp, line 709]
Event: 27158.390 Thread 0x000000001d5e7000 Exception <a 'java/lang/ClassNotFoundException': sync_local_repo1303_ewqmy0nlt4y3mx1f125pfgwqsBeanInfo> (0x00000000eb3148c8) thrown at [D:\src\AOSP-openjdk-cygwin\jdk8u\hotspot\src\share\vm\classfile\systemDictionary.cpp, line 210]
Event: 27158.390 Thread 0x000000001d5e7000 Exception <a 'java/lang/ClassNotFoundException': sync_local_repo1303_ewqmy0nlt4y3mx1f125pfgwqsCustomizer> (0x00000000eb31f2e8) thrown at [D:\src\AOSP-openjdk-cygwin\jdk8u\hotspot\src\share\vm\classfile\systemDictionary.cpp, line 210]
Event: 27158.616 Thread 0x000000001d5e7000 Implicit null exception at 0x0000000009ac9e36 to 0x0000000009aca119
Event: 27158.676 Thread 0x000000001d5e7000 Exception <a 'sun/nio/fs/WindowsException'> (0x00000000ee302628) thrown at [D:\src\AOSP-openjdk-cygwin\jdk8u\hotspot\src\share\vm\prims\jni.cpp, line 709]

Events (10 events):
Event: 27160.753 Thread 0x000000001f80b000 Thread exited: 0x000000001f80b000
Event: 27160.753 Thread 0x000000001f809000 Thread exited: 0x000000001f809000
Event: 27160.753 Thread 0x000000001ccd8800 Thread exited: 0x000000001ccd8800
Event: 27160.753 Thread 0x000000001ccd7000 Thread exited: 0x000000001ccd7000
Event: 27160.754 Thread 0x000000001ccd8000 Thread exited: 0x000000001ccd8000
Event: 27160.770 Thread 0x000000001f809800 Thread exited: 0x000000001f809800
Event: 27160.903 Thread 0x000000001f80a800 Thread added: 0x000000001f80a800
Event: 27161.339 Thread 0x000000001f80d800 DEOPT PACKING pc=0x0000000009235d51 sp=0x000000005025b940
Event: 27161.339 Thread 0x000000001f80d800 DEOPT UNPACKING pc=0x00000000044875bf sp=0x000000005025b668 mode 0
Event: 27161.490 Thread 0x000000001f809000 Thread added: 0x000000001f809000


Dynamic libraries:
0x00007ff7645f0000 - 0x00007ff764621000 	C:\Program Files\Android\Android Studio\jre\bin\java.exe
0x00007ffdb2980000 - 0x00007ffdb2b60000 	C:\WINDOWS\SYSTEM32\ntdll.dll
0x00007ffdb2860000 - 0x00007ffdb290e000 	C:\WINDOWS\System32\KERNEL32.DLL
0x00007ffdaf860000 - 0x00007ffdafac6000 	C:\WINDOWS\System32\KERNELBASE.dll
0x00007ffdb0490000 - 0x00007ffdb0531000 	C:\WINDOWS\System32\ADVAPI32.dll
0x00007ffdb2080000 - 0x00007ffdb211d000 	C:\WINDOWS\System32\msvcrt.dll
0x00007ffdb05c0000 - 0x00007ffdb061b000 	C:\WINDOWS\System32\sechost.dll
0x00007ffdb2690000 - 0x00007ffdb27af000 	C:\WINDOWS\System32\RPCRT4.dll
0x00007ffdb0300000 - 0x00007ffdb048f000 	C:\WINDOWS\System32\USER32.dll
0x00007ffdaf6f0000 - 0x00007ffdaf710000 	C:\WINDOWS\System32\win32u.dll
0x00007ffdb2510000 - 0x00007ffdb2538000 	C:\WINDOWS\System32\GDI32.dll
0x00007ffdaf550000 - 0x00007ffdaf6e4000 	C:\WINDOWS\System32\gdi32full.dll
0x00007ffdaf710000 - 0x00007ffdaf7ab000 	C:\WINDOWS\System32\msvcp_win.dll
0x00007ffdafad0000 - 0x00007ffdafbc6000 	C:\WINDOWS\System32\ucrtbase.dll
0x00007ffda14b0000 - 0x00007ffda1719000 	C:\WINDOWS\WinSxS\amd64_microsoft.windows.common-controls_6595b64144ccf1df_6.0.16299.64_none_cc9304e22215ca8f\COMCTL32.dll
0x00007ffdaff30000 - 0x00007ffdb0238000 	C:\WINDOWS\System32\combase.dll
0x00007ffdaf4d0000 - 0x00007ffdaf542000 	C:\WINDOWS\System32\bcryptPrimitives.dll
0x00007ffdb2910000 - 0x00007ffdb293d000 	C:\WINDOWS\System32\IMM32.DLL
0x00000000628a0000 - 0x0000000062972000 	C:\Program Files\Android\Android Studio\jre\jre\bin\msvcr100.dll
0x0000000062a60000 - 0x000000006329e000 	C:\Program Files\Android\Android Studio\jre\jre\bin\server\jvm.dll
0x00007ffdb2940000 - 0x00007ffdb2948000 	C:\WINDOWS\System32\PSAPI.DLL
0x00007ffda1ac0000 - 0x00007ffda1aca000 	C:\WINDOWS\SYSTEM32\VERSION.dll
0x00007ffdaa700000 - 0x00007ffdaa723000 	C:\WINDOWS\SYSTEM32\WINMM.dll
0x00007ffda0c10000 - 0x00007ffda0c19000 	C:\WINDOWS\SYSTEM32\WSOCK32.dll
0x00007ffdb2430000 - 0x00007ffdb249c000 	C:\WINDOWS\System32\WS2_32.dll
0x00007ffdaa6d0000 - 0x00007ffdaa6fa000 	C:\WINDOWS\SYSTEM32\WINMMBASE.dll
0x00007ffdaf7b0000 - 0x00007ffdaf7fa000 	C:\WINDOWS\System32\cfgmgr32.dll
0x00007ffd9b770000 - 0x00007ffd9b77f000 	C:\Program Files\Android\Android Studio\jre\jre\bin\verify.dll
0x00007ffd885d0000 - 0x00007ffd885f9000 	C:\Program Files\Android\Android Studio\jre\jre\bin\java.dll
0x00007ffd885b0000 - 0x00007ffd885c6000 	C:\Program Files\Android\Android Studio\jre\jre\bin\zip.dll
0x00007ffdb0680000 - 0x00007ffdb1ab7000 	C:\WINDOWS\System32\SHELL32.dll
0x00007ffdb27b0000 - 0x00007ffdb2856000 	C:\WINDOWS\System32\shcore.dll
0x00007ffdaed80000 - 0x00007ffdaf4c7000 	C:\WINDOWS\System32\windows.storage.dll
0x00007ffdb24b0000 - 0x00007ffdb2501000 	C:\WINDOWS\System32\shlwapi.dll
0x00007ffdaed60000 - 0x00007ffdaed71000 	C:\WINDOWS\System32\kernel.appcore.dll
0x00007ffdaed10000 - 0x00007ffdaed5c000 	C:\WINDOWS\System32\powrprof.dll
0x00007ffdaecd0000 - 0x00007ffdaeceb000 	C:\WINDOWS\System32\profapi.dll
0x00007ffd88590000 - 0x00007ffd885aa000 	C:\Program Files\Android\Android Studio\jre\jre\bin\net.dll
0x00007ffdae560000 - 0x00007ffdae5c6000 	C:\WINDOWS\system32\mswsock.dll
0x00007ffd88570000 - 0x00007ffd88581000 	C:\Program Files\Android\Android Studio\jre\jre\bin\nio.dll
0x00007ffda8300000 - 0x00007ffda831e000 	C:\Users\Rajeshkumar Reddy\.gradle\native\25\windows-amd64\native-platform.dll
0x00007ffd99a10000 - 0x00007ffd99a1d000 	C:\Program Files\Android\Android Studio\jre\jre\bin\management.dll
0x00007ffdae730000 - 0x00007ffdae747000 	C:\WINDOWS\SYSTEM32\CRYPTSP.dll
0x00007ffdae170000 - 0x00007ffdae1a3000 	C:\WINDOWS\system32\rsaenh.dll
0x00007ffdae830000 - 0x00007ffdae855000 	C:\WINDOWS\SYSTEM32\bcrypt.dll
0x00007ffdaec00000 - 0x00007ffdaec29000 	C:\WINDOWS\SYSTEM32\USERENV.dll
0x00007ffdae720000 - 0x00007ffdae72b000 	C:\WINDOWS\SYSTEM32\CRYPTBASE.dll
0x00007ffdae2f0000 - 0x00007ffdae329000 	C:\WINDOWS\SYSTEM32\IPHLPAPI.DLL
0x00007ffdb24a0000 - 0x00007ffdb24a8000 	C:\WINDOWS\System32\NSI.dll
0x00007ffda4c70000 - 0x00007ffda4c86000 	C:\WINDOWS\SYSTEM32\dhcpcsvc6.DLL
0x00007ffda4d20000 - 0x00007ffda4d3a000 	C:\WINDOWS\SYSTEM32\dhcpcsvc.DLL
0x00007ffdaa570000 - 0x00007ffdaa594000 	C:\Program Files\Android\Android Studio\jre\jre\bin\sunec.dll
0x00007ffdae340000 - 0x00007ffdae3f6000 	C:\WINDOWS\SYSTEM32\DNSAPI.dll
0x00007ffda34b0000 - 0x00007ffda34ba000 	C:\Windows\System32\rasadhlp.dll
0x00007ffda38e0000 - 0x00007ffda3950000 	C:\WINDOWS\System32\fwpuclnt.dll
0x00007ffdaa5e0000 - 0x00007ffdaa5eb000 	C:\Program Files\Android\Android Studio\jre\jre\bin\sunmscapi.dll
0x00007ffdafc80000 - 0x00007ffdafe4e000 	C:\WINDOWS\System32\CRYPT32.dll
0x00007ffdaecf0000 - 0x00007ffdaed02000 	C:\WINDOWS\System32\MSASN1.dll
0x00007ffd883d0000 - 0x00007ffd88565000 	C:\Program Files\Android\Android Studio\jre\jre\bin\awt.dll
0x00007ffdafe50000 - 0x00007ffdaff15000 	C:\WINDOWS\System32\OLEAUT32.dll
0x00007ffdab660000 - 0x00007ffdabc18000 	C:\WINDOWS\SYSTEM32\d2d1.dll
0x00007ffdac150000 - 0x00007ffdac1d7000 	C:\WINDOWS\SYSTEM32\apphelp.dll
0x00007ffdad3c0000 - 0x00007ffdad3ea000 	C:\WINDOWS\system32\DWMAPI.DLL
0x00007ffdac280000 - 0x00007ffdac315000 	C:\WINDOWS\system32\uxtheme.dll
0x00007ffdad790000 - 0x00007ffdad958000 	C:\WINDOWS\SYSTEM32\dbghelp.dll

VM Arguments:
jvm_args: -Xmx1536m -Dfile.encoding=windows-1252 -Duser.country=IN -Duser.language=en -Duser.variant 
java_command: org.gradle.launcher.daemon.bootstrap.GradleDaemon 4.1
java_class_path (initial): C:\Users\Rajeshkumar Reddy\.gradle\wrapper\dists\gradle-4.1-all\bzyivzo6n839fup2jbap0tjew\gradle-4.1\lib\gradle-launcher-4.1.jar
Launcher Type: SUN_STANDARD

Environment Variables:
PATH=C:\ProgramData\Oracle\Java\javapath;C:\Program Files (x86)\Intel\iCLS Client\;C:\Program Files\Intel\iCLS Client\;C:\WINDOWS\system32;C:\WINDOWS;C:\WINDOWS\System32\Wbem;C:\WINDOWS\System32\WindowsPowerShell\v1.0\;C:\Program Files (x86)\Intel\Intel(R) Management Engine Components\DAL;C:\Program Files\Intel\Intel(R) Management Engine Components\DAL;C:\Program Files (x86)\Intel\Intel(R) Management Engine Components\IPT;C:\Program Files\Intel\Intel(R) Management Engine Components\IPT;C:\Program Files\Intel\WiFi\bin\;C:\Program Files\Common Files\Intel\WirelessCommon\;C:\Program Files (x86)\GtkSharp\2.12\bin;C:\Users\Rajeshkumar Reddy\AppData\Local\Microsoft\WindowsApps;;C:\Program Files\Microsoft VS Code\bin
USERNAME=Rajeshkumar Reddy
OS=Windows_NT
PROCESSOR_IDENTIFIER=Intel64 Family 6 Model 142 Stepping 9, GenuineIntel



---------------  S Y S T E M  ---------------

OS: Windows 10.0 , 64 bit Build 16299 (10.0.16299.15)

CPU:total 4 (initial active 4) (2 cores per cpu, 2 threads per core) family 6 model 142 stepping 9, cmov, cx8, fxsr, mmx, sse, sse2, sse3, ssse3, sse4.1, sse4.2, popcnt, avx, avx2, aes, clmul, erms, 3dnowpref, lzcnt, ht, tsc, tscinvbit, bmi1, bmi2, adx

Memory: 4k page, physical 8254596k(1395048k free), swap 13380912k(2945744k free)

vm_info: OpenJDK 64-Bit Server VM (25.152-b01) for windows-amd64 JRE (1.8.0_152-release-915-b01), built by "builder" with MS VC++ 10.0 (VS2010)

time: Thu Nov 30 23:20:43 2017
elapsed time: 27161 seconds (0d 7h 32m 41s)

